<?xml version="1.0" encoding="UTF-8"?>
<!-- Generated by org.testng.reporters.JUnitXMLReporter -->
<testsuite ignored="0" hostname="DESKTOP-K5FN7OQ" failures="0" tests="5" name="Surefire test" time="0.029" errors="0" timestamp="19 May 2023 06:57:53 GMT">
  <testcase classname="qaAcademy.Maven_Project.AppiumTest" name="IOSApps" time="0.005"/>
  <testcase classname="qaAcademy.Maven_Project.AppiumTest" name="NativeAppAndroid" time="0.001"/>
  <testcase classname="qaAcademy.Maven_Project.RESTAPITest" name="deleteTwitter" time="0.001"/>
  <testcase classname="qaAcademy.Maven_Project.SeleniumTest" name="BrowserAutomation" time="0.0"/>
  <testcase classname="qaAcademy.Maven_Project.SeleniumTest" name="Elements" time="0.0"/>
</testsuite> <!-- Surefire test -->
