<?xml version="1.0" encoding="UTF-8"?>
<!-- Generated by org.testng.reporters.JUnitXMLReporter -->
<testsuite ignored="0" hostname="DESKTOP-K5FN7OQ" failures="0" tests="4" name="Test" time="0.04" errors="0" timestamp="01 Jun 2023 10:23:33 GMT">
  <testcase classname="qaAcademy.Maven_Project.AppiumTest" name="IOSApps" time="0.009"/>
  <testcase classname="qaAcademy.Maven_Project.AppiumTest" name="NativeAppAndroid" time="0.0"/>
  <testcase classname="qaAcademy.Maven_Project.SeleniumTest" name="BrowserAutomation" time="0.001"/>
  <testcase classname="qaAcademy.Maven_Project.SeleniumTest" name="Elements" time="0.001"/>
</testsuite> <!-- Test -->
