<?xml version="1.0" encoding="UTF-8"?>
<testng-results ignored="0" total="4" passed="4" failed="0" skipped="0">
  <reporter-output>
  </reporter-output>
  <suite started-at="2023-06-01T10:23:33Z" name="Suite" finished-at="2023-06-01T10:23:33Z" duration-ms="40">
    <groups>
    </groups>
    <test started-at="2023-06-01T10:23:33Z" name="Test" finished-at="2023-06-01T10:23:33Z" duration-ms="40">
      <class name="qaAcademy.Maven_Project.AppiumTest">
        <test-method signature="IOSApps()[pri:0, instance:qaAcademy.Maven_Project.AppiumTest@238d68ff]" started-at="2023-06-01T10:23:33Z" name="IOSApps" finished-at="2023-06-01T10:23:33Z" duration-ms="9" status="PASS">
          <reporter-output>
          </reporter-output>
        </test-method> <!-- IOSApps -->
        <test-method signature="NativeAppAndroid()[pri:0, instance:qaAcademy.Maven_Project.AppiumTest@238d68ff]" started-at="2023-06-01T10:23:33Z" name="NativeAppAndroid" finished-at="2023-06-01T10:23:33Z" duration-ms="0" status="PASS">
          <reporter-output>
          </reporter-output>
        </test-method> <!-- NativeAppAndroid -->
      </class> <!-- qaAcademy.Maven_Project.AppiumTest -->
      <class name="qaAcademy.Maven_Project.SeleniumTest">
        <test-method signature="BrowserAutomation()[pri:0, instance:qaAcademy.Maven_Project.SeleniumTest@4b86805d]" started-at="2023-06-01T10:23:33Z" name="BrowserAutomation" finished-at="2023-06-01T10:23:33Z" duration-ms="1" status="PASS">
          <reporter-output>
          </reporter-output>
        </test-method> <!-- BrowserAutomation -->
        <test-method signature="Elements()[pri:0, instance:qaAcademy.Maven_Project.SeleniumTest@4b86805d]" started-at="2023-06-01T10:23:33Z" name="Elements" finished-at="2023-06-01T10:23:33Z" duration-ms="1" status="PASS">
          <reporter-output>
          </reporter-output>
        </test-method> <!-- Elements -->
      </class> <!-- qaAcademy.Maven_Project.SeleniumTest -->
    </test> <!-- Test -->
  </suite> <!-- Suite -->
</testng-results>
