<?xml version="1.0" encoding="UTF-8"?>
<testng-results ignored="0" total="2" passed="2" failed="0" skipped="0">
  <reporter-output>
  </reporter-output>
  <suite started-at="2023-05-22T08:42:46Z" name="Default suite" finished-at="2023-05-22T08:42:46Z" duration-ms="37">
    <groups>
    </groups>
    <test started-at="2023-05-22T08:42:46Z" name="Default test" finished-at="2023-05-22T08:42:46Z" duration-ms="37">
      <class name="qaAcademy.Maven_Project.SeleniumTest">
        <test-method signature="BrowserAutomation()[pri:0, instance:qaAcademy.Maven_Project.SeleniumTest@6cc558c6]" started-at="2023-05-22T08:42:46Z" name="BrowserAutomation" finished-at="2023-05-22T08:42:46Z" duration-ms="11" status="PASS">
          <reporter-output>
          </reporter-output>
        </test-method> <!-- BrowserAutomation -->
        <test-method signature="Elements()[pri:0, instance:qaAcademy.Maven_Project.SeleniumTest@6cc558c6]" started-at="2023-05-22T08:42:46Z" name="Elements" finished-at="2023-05-22T08:42:46Z" duration-ms="1" status="PASS">
          <reporter-output>
          </reporter-output>
        </test-method> <!-- Elements -->
      </class> <!-- qaAcademy.Maven_Project.SeleniumTest -->
    </test> <!-- Default test -->
  </suite> <!-- Default suite -->
</testng-results>
